<?xml version="1.0" encoding="UTF-8"?>
<testsuite xmlns:xsi="http://www.w3.org/2001/XMLSchema-instance" xsi:noNamespaceSchemaLocation="https://maven.apache.org/surefire/maven-surefire-plugin/xsd/surefire-test-report-3.0.xsd" version="3.0" name="cms.user.UserStructureTest" time="0.039" tests="2" errors="0" skipped="0" failures="0">
  <properties>
[...]
</properties>
  <testcase name="polimorfismoBasico" classname="cms.user.UserStructureTest" time="0.022"/>
  <testcase name="userDeveSerAbstrataEAvoDasSubclasses" classname="cms.user.UserStructureTest" time="0.0"/>
</testsuite>